   --> contracts/PayoutManager.sol:360:9:
    |
360 |         bytes calldata operatorSignature
    |         ^^^^^^^^^^^^^^^^^^^^^^^^^^^^^^^^


Warning: Unused function parameter. Remove or comment out the variable name to silence this warning.
   --> contracts/oracles/OracleBase.sol:218:9:
    |
218 |         bytes32 symbol,
    |         ^^^^^^^^^^^^^^


Warning: Function state mutability can be restricted to view
   --> contracts/CapitalPool.sol:694:5:
    |
694 |     function _authorizeUpgrade(address newImplementation) 
    |     ^ (Relevant source part starts here and spans across multiple lines).


Warning: Function state mutability can be restricted to view
   --> contracts/GovernanceManager.sol:563:5:
    |
563 |     function _authorizeUpgrade(address newImplementation) 
    |     ^ (Relevant source part starts here and spans across multiple lines).


Warning: Function state mutability can be restricted to view
   --> contracts/InsuranceFund.sol:610:5:
    |
610 |     function _authorizeUpgrade(address newImplementation) 
    |     ^ (Relevant source part starts here and spans across multiple lines).


Warning: Function state mutability can be restricted to view
   --> contracts/KeeperIncentive.sol:570:5:
    |
570 |     function _authorizeUpgrade(address newImplementation) 
    |     ^ (Relevant source part starts here and spans across multiple lines).


Warning: Function state mutability can be restricted to view
   --> contracts/OperatorRegistry.sol:548:5:
    |
548 |     function _authorizeUpgrade(address newImplementation) 
    |     ^ (Relevant source part starts here and spans across multiple lines).


Warning: Function state mutability can be restricted to view
   --> contracts/TradeLedger.sol:728:5:
    |
728 |     function _authorizeUpgrade(address newImplementation) 
    |     ^ (Relevant source part starts here and spans across multiple lines).


Warning: Function state mutability can be restricted to view
   --> contracts/TraderAccountRegistry.sol:350:5:
    |
350 |     function _authorizeUpgrade(address newImplementation) internal override onlyRole(GOVERNANCE_ROLE) {
    |     ^ (Relevant source part starts here and spans across multiple lines).


Warning: Function state mutability can be restricted to view
   --> contracts/PayoutManager.sol:515:5:
    |
515 |     function _authorizeUpgrade(address newImplementation) 
    |     ^ (Relevant source part starts here and spans across multiple lines).


Warning: Function state mutability can be restricted to view
   --> contracts/Vault.sol:835:5:
    |
835 |     function _authorizeUpgrade(address newImplementation) 
    |     ^ (Relevant source part starts here and spans across multiple lines).


Warning: Function state mutability can be restricted to view
   --> contracts/oracles/OracleBase.sol:387:5:
    |
387 |     function _authorizeUpgrade(address newImplementation) 
    |     ^ (Relevant source part starts here and spans across multiple lines).


Warning: Function state mutability can be restricted to view
   --> contracts/oracles/OracleRegistry.sol:483:5:
    |
483 |     function _authorizeUpgrade(address newImplementation) 
    |     ^ (Relevant source part starts here and spans across multiple lines).


Compiled 46 Solidity files successfully (evm target: paris).